2025-12-17 22:40:50,863 - __main__ - INFO - Saved data to session: processing_status
2025-12-17 22:40:50,864 - __main__ - INFO - Saved data to session: last_error
2025-12-17 22:40:57,832 - __main__ - INFO - Saved data to session: merged_data
2025-12-17 22:40:57,834 - __main__ - INFO - Saved data to session: processing_time
2025-12-17 22:41:00,378 - __main__ - INFO - Saved data to session: processing_status
2025-12-17 22:41:00,379 - __main__ - INFO - Data merging completed successfully, shape: (4196, 27), time: 6.97s
2025-12-17 22:41:11,280 - __main__ - INFO - Saved data to session: processing_status
2025-12-17 22:41:11,281 - __main__ - INFO - Saved data to session: last_error
2025-12-17 22:41:12,901 - __main__ - INFO - Saved data to session: processing_time
2025-12-17 22:41:15,578 - __main__ - INFO - Saved data to session: processing_status
2025-12-17 22:41:15,579 - __main__ - INFO - Chart generation completed successfully, time: 1.08s
2025-12-17 22:41:22,867 - __main__ - INFO - Saved data to session: processing_status
2025-12-17 22:41:22,868 - __main__ - INFO - Saved data to session: last_error
2025-12-17 22:41:23,285 - __main__ - INFO - Saved data to session: processing_time
2025-12-17 22:41:23,291 - __main__ - ERROR - Report generation failed: '2025-11-21 00:00:00' is of type <class 'pandas._libs.tslibs.timestamps.Timestamp'>, which is not an accepted type. value only accepts: int, float, str, or None. Please convert the value to an accepted type.
Traceback (most recent call last):
  File "D:\Users\joero\Desktop\qqq\main_app.py", line 647, in <module>
    st.metric("起始时间", data_to_use['数据时间'].min() if '数据时间' in data_to_use.columns else "N/A")
  File "D:\Users\joero\anaconda3\Lib\site-packages\streamlit\runtime\metrics_util.py", line 408, in wrapped_func
    result = non_optional_func(*args, **kwargs)
             ^^^^^^^^^^^^^^^^^^^^^^^^^^^^^^^^^^
  File "D:\Users\joero\anaconda3\Lib\site-packages\streamlit\elements\metric.py", line 153, in metric
    metric_proto.body = _parse_value(value)
                        ^^^^^^^^^^^^^^^^^^^
  File "D:\Users\joero\anaconda3\Lib\site-packages\streamlit\elements\metric.py", line 199, in _parse_value
    raise TypeError(
TypeError: '2025-11-21 00:00:00' is of type <class 'pandas._libs.tslibs.timestamps.Timestamp'>, which is not an accepted type. value only accepts: int, float, str, or None. Please convert the value to an accepted type.

2025-12-17 22:41:23,294 - __main__ - INFO - Saved data to session: processing_status
2025-12-17 22:41:23,295 - __main__ - INFO - Saved data to session: last_error
2025-12-17 22:43:07,332 - __main__ - INFO - Saved data to session: processing_status
2025-12-17 22:43:07,333 - __main__ - INFO - Saved data to session: last_error
2025-12-17 22:43:13,920 - __main__ - INFO - Saved data to session: merged_data
2025-12-17 22:43:13,921 - __main__ - INFO - Saved data to session: processing_time
2025-12-17 22:43:16,484 - __main__ - INFO - Saved data to session: processing_status
2025-12-17 22:43:16,485 - __main__ - INFO - Data merging completed successfully, shape: (4196, 27), time: 6.59s
2025-12-17 22:43:25,104 - __main__ - INFO - Saved data to session: processing_status
2025-12-17 22:43:25,106 - __main__ - INFO - Saved data to session: last_error
2025-12-17 22:43:26,703 - __main__ - INFO - Saved data to session: processing_time
2025-12-17 22:43:29,373 - __main__ - INFO - Saved data to session: processing_status
2025-12-17 22:43:29,374 - __main__ - INFO - Chart generation completed successfully, time: 1.07s
2025-12-17 22:44:10,449 - __main__ - INFO - Saved data to session: processing_status
2025-12-17 22:44:10,452 - __main__ - INFO - Saved data to session: last_error
2025-12-17 22:44:10,811 - __main__ - INFO - Saved data to session: processing_time
2025-12-17 22:44:13,590 - __main__ - INFO - Saved data to session: processing_status
2025-12-17 22:44:13,591 - __main__ - INFO - Report generation completed successfully, time: 0.36s
2025-12-17 22:47:37,180 - __main__ - INFO - Saved data to session: processing_status
2025-12-17 22:47:37,183 - __main__ - INFO - Saved data to session: last_error
2025-12-17 22:47:43,883 - __main__ - INFO - Saved data to session: merged_data
2025-12-17 22:47:43,885 - __main__ - INFO - Saved data to session: processing_time
2025-12-17 22:47:46,581 - __main__ - INFO - Saved data to session: processing_status
2025-12-17 22:47:46,582 - __main__ - INFO - Data merging completed successfully, shape: (4196, 27), time: 6.7s
2025-12-17 22:47:56,681 - __main__ - INFO - Saved data to session: processing_status
2025-12-17 22:47:56,682 - __main__ - INFO - Saved data to session: last_error
2025-12-17 22:47:58,308 - __main__ - INFO - Saved data to session: processing_time
2025-12-17 22:48:01,072 - __main__ - INFO - Saved data to session: processing_status
2025-12-17 22:48:01,073 - __main__ - INFO - Chart generation completed successfully, time: 1.1s
2025-12-17 23:07:42,770 - __main__ - INFO - Saved data to session: processing_status
2025-12-17 23:07:42,771 - __main__ - INFO - Saved data to session: last_error
2025-12-17 23:07:50,227 - __main__ - INFO - Saved data to session: merged_data
2025-12-17 23:07:50,228 - __main__ - INFO - Saved data to session: processing_time
2025-12-17 23:07:52,731 - __main__ - INFO - Saved data to session: processing_status
2025-12-17 23:07:52,732 - __main__ - INFO - Data merging completed successfully, shape: (4196, 27), time: 7.46s
2025-12-17 23:08:17,829 - __main__ - INFO - Saved data to session: processing_status
2025-12-17 23:08:17,830 - __main__ - INFO - Saved data to session: last_error
2025-12-17 23:08:25,976 - __main__ - INFO - Saved data to session: processing_time
2025-12-17 23:08:28,202 - __main__ - INFO - Saved data to session: processing_status
2025-12-17 23:08:28,203 - __main__ - INFO - Chart generation completed successfully, time: 5.98s
2025-12-17 23:09:00,449 - __main__ - INFO - Saved data to session: processing_status
2025-12-17 23:09:00,451 - __main__ - INFO - Saved data to session: last_error
2025-12-17 23:09:00,839 - __main__ - INFO - Saved data to session: processing_time
2025-12-17 23:09:03,016 - __main__ - INFO - Saved data to session: processing_status
2025-12-17 23:09:03,017 - __main__ - INFO - Chart generation completed successfully, time: 0.39s
2025-12-17 23:09:14,164 - __main__ - INFO - Saved data to session: processing_status
2025-12-17 23:09:14,165 - __main__ - INFO - Saved data to session: last_error
2025-12-17 23:09:14,562 - __main__ - INFO - Saved data to session: processing_time
2025-12-17 23:09:16,771 - __main__ - INFO - Saved data to session: processing_status
2025-12-17 23:09:16,772 - __main__ - INFO - Chart generation completed successfully, time: 0.4s
2025-12-17 23:09:23,140 - __main__ - INFO - Saved data to session: processing_status
2025-12-17 23:09:23,142 - __main__ - INFO - Saved data to session: last_error
2025-12-17 23:09:23,525 - __main__ - INFO - Saved data to session: processing_time
2025-12-17 23:09:25,739 - __main__ - INFO - Saved data to session: processing_status
2025-12-17 23:09:25,739 - __main__ - INFO - Chart generation completed successfully, time: 0.38s
2025-12-17 23:09:33,050 - __main__ - INFO - Saved data to session: processing_status
2025-12-17 23:09:33,052 - __main__ - INFO - Saved data to session: last_error
2025-12-17 23:09:33,417 - __main__ - INFO - Saved data to session: processing_time
2025-12-17 23:09:35,672 - __main__ - INFO - Saved data to session: processing_status
2025-12-17 23:09:35,673 - __main__ - INFO - Chart generation completed successfully, time: 0.37s
2025-12-17 23:09:45,434 - __main__ - INFO - Saved data to session: processing_status
2025-12-17 23:09:45,435 - __main__ - INFO - Saved data to session: last_error
2025-12-17 23:09:45,901 - __main__ - INFO - Saved data to session: processing_time
2025-12-17 23:09:48,394 - __main__ - INFO - Saved data to session: processing_status
2025-12-17 23:09:48,395 - __main__ - INFO - Chart generation completed successfully, time: 0.46s
2025-12-17 23:17:38,197 - __main__ - INFO - Saved data to session: processing_status
2025-12-17 23:17:38,198 - __main__ - INFO - Saved data to session: last_error
2025-12-17 23:17:39,711 - __main__ - INFO - Saved data to session: processing_time
2025-12-17 23:17:42,038 - __main__ - INFO - Saved data to session: processing_status
2025-12-17 23:17:42,039 - __main__ - INFO - Chart generation completed successfully, time: 1.07s
2025-12-17 23:34:11,251 - __main__ - INFO - Saved data to session: processing_status
2025-12-17 23:34:11,254 - __main__ - INFO - Saved data to session: last_error
2025-12-17 23:34:17,307 - __main__ - INFO - Saved data to session: merged_data
2025-12-17 23:34:17,309 - __main__ - INFO - Saved data to session: processing_time
2025-12-17 23:34:19,835 - __main__ - INFO - Saved data to session: processing_status
2025-12-17 23:34:19,836 - __main__ - INFO - Data merging completed successfully, shape: (4196, 27), time: 6.05s
2025-12-17 23:34:22,838 - __main__ - INFO - Saved data to session: processing_status
2025-12-17 23:34:22,839 - __main__ - INFO - Saved data to session: last_error
2025-12-17 23:34:24,804 - __main__ - INFO - Saved data to session: processing_time
2025-12-17 23:34:30,025 - __main__ - INFO - Saved data to session: processing_status
2025-12-17 23:34:30,026 - __main__ - INFO - Chart generation completed successfully, time: 1.96s
2025-12-17 23:41:37,886 - __main__ - INFO - Saved data to session: processing_status
2025-12-17 23:41:37,886 - __main__ - INFO - Saved data to session: last_error
2025-12-17 23:41:39,691 - __main__ - INFO - Saved data to session: processing_time
2025-12-17 23:41:45,107 - __main__ - INFO - Saved data to session: processing_status
2025-12-17 23:41:45,109 - __main__ - INFO - Chart generation completed successfully, time: 1.8s
2025-12-17 23:42:08,632 - __main__ - INFO - Saved data to session: processing_status
2025-12-17 23:42:08,634 - __main__ - INFO - Saved data to session: last_error
2025-12-17 23:42:15,142 - __main__ - INFO - Saved data to session: merged_data
2025-12-17 23:42:15,143 - __main__ - INFO - Saved data to session: processing_time
2025-12-17 23:43:03,836 - __main__ - INFO - Saved data to session: processing_status
2025-12-17 23:43:03,838 - __main__ - INFO - Saved data to session: last_error
2025-12-17 23:43:09,956 - __main__ - INFO - Saved data to session: merged_data
2025-12-17 23:43:09,957 - __main__ - INFO - Saved data to session: processing_time
2025-12-17 23:43:12,425 - __main__ - INFO - Saved data to session: processing_status
2025-12-17 23:43:12,426 - __main__ - INFO - Data merging completed successfully, shape: (4196, 27), time: 6.12s
2025-12-17 23:43:21,554 - __main__ - INFO - Saved data to session: processing_status
2025-12-17 23:43:21,556 - __main__ - INFO - Saved data to session: last_error
2025-12-17 23:43:23,405 - __main__ - INFO - Saved data to session: processing_time
2025-12-17 23:43:28,659 - __main__ - INFO - Saved data to session: processing_status
2025-12-17 23:43:28,660 - __main__ - INFO - Chart generation completed successfully, time: 1.85s
2025-12-17 23:53:40,838 - __main__ - INFO - Saved data to session: processing_status
2025-12-17 23:53:40,840 - __main__ - INFO - Saved data to session: last_error
2025-12-17 23:53:46,748 - __main__ - INFO - Saved data to session: merged_data
2025-12-17 23:53:46,750 - __main__ - INFO - Saved data to session: processing_time
2025-12-17 23:53:49,226 - __main__ - INFO - Saved data to session: processing_status
2025-12-17 23:53:49,227 - __main__ - INFO - Data merging completed successfully, shape: (4196, 27), time: 5.91s
2025-12-17 23:53:52,284 - __main__ - INFO - Saved data to session: processing_status
2025-12-17 23:53:52,286 - __main__ - INFO - Saved data to session: last_error
2025-12-17 23:53:54,082 - __main__ - INFO - Saved data to session: processing_time
2025-12-17 23:53:59,350 - __main__ - INFO - Saved data to session: processing_status
2025-12-17 23:53:59,350 - __main__ - INFO - Chart generation completed successfully, time: 1.8s
2025-12-17 23:54:52,949 - __main__ - INFO - Saved data to session: processing_status
2025-12-17 23:54:52,952 - __main__ - INFO - Saved data to session: last_error
2025-12-17 23:54:59,162 - __main__ - INFO - Saved data to session: merged_data
2025-12-17 23:54:59,164 - __main__ - INFO - Saved data to session: processing_time
2025-12-17 23:55:01,639 - __main__ - INFO - Saved data to session: processing_status
2025-12-17 23:55:01,640 - __main__ - INFO - Data merging completed successfully, shape: (4196, 27), time: 6.21s
2025-12-17 23:55:06,608 - __main__ - INFO - Saved data to session: processing_status
2025-12-17 23:55:06,610 - __main__ - INFO - Saved data to session: last_error
2025-12-17 23:55:08,525 - __main__ - INFO - Saved data to session: processing_time
2025-12-17 23:55:13,687 - __main__ - INFO - Saved data to session: processing_status
2025-12-17 23:55:13,688 - __main__ - INFO - Chart generation completed successfully, time: 1.92s
2025-12-17 23:59:45,781 - __main__ - INFO - Saved data to session: processing_status
2025-12-17 23:59:45,782 - __main__ - INFO - Saved data to session: last_error
2025-12-17 23:59:52,003 - __main__ - INFO - Saved data to session: merged_data
2025-12-17 23:59:52,005 - __main__ - INFO - Saved data to session: processing_time
2025-12-17 23:59:54,342 - __main__ - INFO - Saved data to session: processing_status
2025-12-17 23:59:54,343 - __main__ - INFO - Data merging completed successfully, shape: (4196, 27), time: 6.22s
2025-12-17 23:59:56,463 - __main__ - INFO - Saved data to session: processing_status
2025-12-17 23:59:56,464 - __main__ - INFO - Saved data to session: last_error
2025-12-17 23:59:58,377 - __main__ - INFO - Saved data to session: processing_time
2025-12-18 00:00:03,790 - __main__ - INFO - Saved data to session: processing_status
2025-12-18 00:00:03,791 - __main__ - INFO - Chart generation completed successfully, time: 1.91s
2025-12-18 00:03:38,662 - __main__ - INFO - Saved data to session: processing_status
2025-12-18 00:03:38,662 - __main__ - INFO - Saved data to session: last_error
2025-12-18 00:03:44,885 - __main__ - INFO - Saved data to session: merged_data
2025-12-18 00:03:44,886 - __main__ - INFO - Saved data to session: processing_time
2025-12-18 00:03:47,338 - __main__ - INFO - Saved data to session: processing_status
2025-12-18 00:03:47,339 - __main__ - INFO - Data merging completed successfully, shape: (4196, 27), time: 6.22s
2025-12-18 00:03:50,759 - __main__ - INFO - Saved data to session: processing_status
2025-12-18 00:03:50,762 - __main__ - INFO - Saved data to session: last_error
2025-12-18 00:03:55,537 - __main__ - INFO - Saved data to session: processing_time
2025-12-18 00:04:06,913 - __main__ - INFO - Saved data to session: processing_status
2025-12-18 00:04:06,914 - __main__ - INFO - Chart generation completed successfully, time: 4.78s
2025-12-18 00:04:27,077 - __main__ - INFO - Saved data to session: processing_status
2025-12-18 00:04:27,078 - __main__ - INFO - Saved data to session: last_error
2025-12-18 00:04:28,815 - __main__ - INFO - Saved data to session: processing_time
2025-12-18 00:04:33,841 - __main__ - INFO - Saved data to session: processing_status
2025-12-18 00:04:33,842 - __main__ - INFO - Chart generation completed successfully, time: 1.74s
2025-12-18 00:04:39,204 - __main__ - INFO - Saved data to session: processing_status
2025-12-18 00:04:39,205 - __main__ - INFO - Saved data to session: last_error
2025-12-18 00:04:44,267 - __main__ - INFO - Saved data to session: processing_time
2025-12-18 00:04:56,128 - __main__ - INFO - Saved data to session: processing_status
2025-12-18 00:04:56,141 - __main__ - INFO - Chart generation completed successfully, time: 5.06s
2025-12-18 00:11:53,614 - __main__ - INFO - Saved data to session: processing_status
2025-12-18 00:11:53,615 - __main__ - INFO - Saved data to session: last_error
2025-12-18 00:12:38,498 - __main__ - INFO - Saved data to session: processing_status
2025-12-18 00:12:38,499 - __main__ - INFO - Saved data to session: last_error
2025-12-18 00:12:45,663 - __main__ - INFO - Saved data to session: merged_data
2025-12-18 00:12:45,665 - __main__ - INFO - Saved data to session: processing_time
2025-12-18 00:12:48,089 - __main__ - INFO - Saved data to session: processing_status
2025-12-18 00:12:48,090 - __main__ - INFO - Data merging completed successfully, shape: (4196, 27), time: 7.17s
2025-12-18 00:13:21,492 - __main__ - INFO - Saved data to session: processing_status
2025-12-18 00:13:21,492 - __main__ - INFO - Saved data to session: last_error
2025-12-18 00:13:27,601 - __main__ - INFO - Saved data to session: processing_time
2025-12-18 00:13:38,933 - __main__ - INFO - Saved data to session: processing_status
2025-12-18 00:13:38,933 - __main__ - INFO - Chart generation completed successfully, time: 5.57s
2025-12-18 00:14:38,196 - __main__ - INFO - Saved data to session: processing_status
2025-12-18 00:14:38,197 - __main__ - INFO - Saved data to session: last_error
2025-12-18 00:14:43,125 - __main__ - INFO - Saved data to session: processing_time
2025-12-18 00:14:54,365 - __main__ - INFO - Saved data to session: processing_status
2025-12-18 00:14:54,366 - __main__ - INFO - Chart generation completed successfully, time: 4.93s
2025-12-18 00:15:38,820 - __main__ - INFO - Saved data to session: processing_status
2025-12-18 00:15:38,821 - __main__ - INFO - Saved data to session: last_error
2025-12-18 00:15:44,754 - __main__ - INFO - Saved data to session: merged_data
2025-12-18 00:15:44,756 - __main__ - INFO - Saved data to session: processing_time
2025-12-18 00:15:47,047 - __main__ - INFO - Saved data to session: processing_status
2025-12-18 00:15:47,048 - __main__ - INFO - Data merging completed successfully, shape: (4196, 27), time: 5.93s
2025-12-18 00:16:04,669 - __main__ - INFO - Saved data to session: processing_status
2025-12-18 00:16:04,671 - __main__ - INFO - Saved data to session: last_error
2025-12-18 00:16:10,218 - __main__ - INFO - Saved data to session: processing_time
2025-12-18 00:16:22,228 - __main__ - INFO - Saved data to session: processing_status
2025-12-18 00:16:22,229 - __main__ - INFO - Chart generation completed successfully, time: 5.55s
2025-12-18 00:22:47,800 - __main__ - INFO - Saved data to session: processing_status
2025-12-18 00:22:47,801 - __main__ - INFO - Saved data to session: last_error
2025-12-18 00:22:54,181 - __main__ - INFO - Saved data to session: merged_data
2025-12-18 00:22:54,183 - __main__ - INFO - Saved data to session: processing_time
2025-12-18 00:22:56,581 - __main__ - INFO - Saved data to session: processing_status
2025-12-18 00:22:56,582 - __main__ - INFO - Data merging completed successfully, shape: (4196, 27), time: 6.38s
2025-12-18 00:24:26,499 - __main__ - INFO - Saved data to session: processing_status
2025-12-18 00:24:26,500 - __main__ - INFO - Saved data to session: last_error
2025-12-18 00:24:32,724 - __main__ - INFO - Saved data to session: processing_time
2025-12-18 00:24:44,261 - __main__ - INFO - Saved data to session: processing_status
2025-12-18 00:24:44,262 - __main__ - INFO - Chart generation completed successfully, time: 5.73s
2025-12-18 00:24:58,836 - __main__ - INFO - Saved data to session: processing_status
2025-12-18 00:24:58,837 - __main__ - INFO - Saved data to session: last_error
2025-12-18 00:25:04,158 - __main__ - INFO - Saved data to session: processing_time
2025-12-18 00:25:26,671 - __main__ - INFO - Saved data to session: processing_status
2025-12-18 00:25:26,672 - __main__ - INFO - Saved data to session: last_error
2025-12-18 00:25:32,639 - __main__ - INFO - Saved data to session: merged_data
2025-12-18 00:25:32,640 - __main__ - INFO - Saved data to session: processing_time
2025-12-18 00:25:34,964 - __main__ - INFO - Saved data to session: processing_status
2025-12-18 00:25:34,965 - __main__ - INFO - Data merging completed successfully, shape: (4196, 27), time: 5.97s
2025-12-18 00:28:36,670 - __main__ - INFO - Saved data to session: processing_status
2025-12-18 00:28:36,672 - __main__ - INFO - Saved data to session: last_error
2025-12-18 00:28:41,441 - __main__ - INFO - Saved data to session: processing_time
2025-12-18 00:28:52,257 - __main__ - INFO - Saved data to session: processing_status
2025-12-18 00:28:52,259 - __main__ - INFO - Chart generation completed successfully, time: 4.77s
2025-12-18 00:34:20,525 - __main__ - INFO - Saved data to session: processing_status
2025-12-18 00:34:20,526 - __main__ - INFO - Saved data to session: last_error
2025-12-18 00:34:26,890 - __main__ - INFO - Saved data to session: merged_data
2025-12-18 00:34:26,892 - __main__ - INFO - Saved data to session: processing_time
2025-12-18 00:37:25,683 - __main__ - INFO - Saved data to session: processing_status
2025-12-18 00:37:25,698 - __main__ - INFO - Saved data to session: last_error
2025-12-18 00:37:32,261 - __main__ - INFO - Saved data to session: merged_data
2025-12-18 00:37:32,262 - __main__ - INFO - Saved data to session: processing_time
2025-12-18 00:37:34,707 - __main__ - INFO - Saved data to session: processing_status
2025-12-18 00:37:34,708 - __main__ - INFO - Data merging completed successfully, shape: (4196, 27), time: 6.55s
2025-12-18 00:37:36,606 - __main__ - INFO - Saved data to session: processing_status
2025-12-18 00:37:36,608 - __main__ - INFO - Saved data to session: last_error
2025-12-18 00:37:42,495 - __main__ - INFO - Saved data to session: processing_time
2025-12-18 00:37:52,936 - __main__ - INFO - Saved data to session: processing_status
2025-12-18 00:37:52,937 - __main__ - INFO - Chart generation completed successfully, time: 5.35s
2025-12-18 00:40:09,013 - __main__ - INFO - Saved data to session: processing_status
2025-12-18 00:40:09,014 - __main__ - INFO - Saved data to session: last_error
2025-12-18 00:40:14,133 - __main__ - INFO - Saved data to session: processing_time
2025-12-18 00:40:24,279 - __main__ - INFO - Saved data to session: processing_status
2025-12-18 00:40:24,280 - __main__ - INFO - Chart generation completed successfully, time: 5.12s
2025-12-18 00:40:37,851 - __main__ - INFO - Saved data to session: processing_status
2025-12-18 00:40:37,875 - __main__ - INFO - Saved data to session: last_error
2025-12-18 00:40:42,943 - __main__ - INFO - Saved data to session: processing_time
2025-12-18 00:40:52,873 - __main__ - INFO - Saved data to session: processing_status
2025-12-18 00:40:52,874 - __main__ - INFO - Chart generation completed successfully, time: 5.06s
2025-12-18 00:41:05,304 - __main__ - INFO - Saved data to session: processing_status
2025-12-18 00:41:05,308 - __main__ - INFO - Saved data to session: last_error
2025-12-18 00:41:10,325 - __main__ - INFO - Saved data to session: processing_time
2025-12-18 00:41:20,373 - __main__ - INFO - Saved data to session: processing_status
2025-12-18 00:41:20,374 - __main__ - INFO - Chart generation completed successfully, time: 5.01s
2025-12-18 00:41:35,809 - __main__ - INFO - Saved data to session: processing_status
2025-12-18 00:41:35,811 - __main__ - INFO - Saved data to session: last_error
2025-12-18 00:41:41,418 - __main__ - INFO - Saved data to session: processing_time
2025-12-18 00:41:51,951 - __main__ - INFO - Saved data to session: processing_status
2025-12-18 00:41:51,968 - __main__ - INFO - Chart generation completed successfully, time: 5.61s
2025-12-18 00:42:06,261 - __main__ - INFO - Saved data to session: processing_status
2025-12-18 00:42:06,264 - __main__ - INFO - Saved data to session: last_error
2025-12-18 00:42:11,324 - __main__ - INFO - Saved data to session: processing_time
2025-12-18 00:42:21,563 - __main__ - INFO - Saved data to session: processing_status
2025-12-18 00:42:21,564 - __main__ - INFO - Chart generation completed successfully, time: 5.06s
2025-12-18 00:44:32,651 - __main__ - INFO - Saved data to session: processing_status
2025-12-18 00:44:32,652 - __main__ - INFO - Saved data to session: last_error
2025-12-18 00:44:34,007 - __main__ - INFO - Saved data to session: processing_time
2025-12-18 00:44:37,273 - __main__ - INFO - Saved data to session: processing_status
2025-12-18 00:44:37,274 - __main__ - INFO - Chart generation completed successfully, time: 1.35s
2025-12-18 00:53:50,283 - __main__ - INFO - Saved data to session: processing_status
2025-12-18 00:53:50,286 - __main__ - INFO - Saved data to session: last_error
2025-12-18 00:53:55,432 - __main__ - INFO - Saved data to session: processing_time
2025-12-18 00:54:04,378 - __main__ - INFO - Saved data to session: processing_status
2025-12-18 00:54:04,379 - __main__ - INFO - Chart generation completed successfully, time: 5.15s
2025-12-18 00:57:49,215 - __main__ - INFO - Saved data to session: processing_status
2025-12-18 00:57:49,216 - __main__ - INFO - Saved data to session: last_error
2025-12-18 00:57:50,227 - __main__ - INFO - Saved data to session: processing_time
2025-12-18 00:57:52,814 - __main__ - INFO - Saved data to session: processing_status
2025-12-18 00:57:52,815 - __main__ - INFO - Chart generation completed successfully, time: 1.01s
2025-12-18 01:06:48,554 - __main__ - INFO - Saved data to session: processing_status
2025-12-18 01:06:48,556 - __main__ - INFO - Saved data to session: last_error
2025-12-18 01:06:50,048 - __main__ - INFO - Saved data to session: processing_time
2025-12-18 01:06:53,325 - __main__ - INFO - Saved data to session: processing_status
2025-12-18 01:06:53,325 - __main__ - INFO - Chart generation completed successfully, time: 1.49s
2025-12-18 01:14:07,810 - __main__ - INFO - Saved data to session: processing_status
2025-12-18 01:14:07,811 - __main__ - INFO - Saved data to session: last_error
2025-12-18 01:14:17,667 - __main__ - INFO - Saved data to session: merged_data
2025-12-18 01:14:17,668 - __main__ - INFO - Saved data to session: processing_time
2025-12-18 01:14:20,315 - __main__ - INFO - Saved data to session: processing_status
2025-12-18 01:14:20,316 - __main__ - INFO - Data merging completed successfully, shape: (4196, 27), time: 9.86s
2025-12-18 01:14:27,052 - __main__ - INFO - Saved data to session: processing_status
2025-12-18 01:14:27,053 - __main__ - INFO - Saved data to session: last_error
2025-12-18 01:14:29,827 - __main__ - INFO - Saved data to session: processing_time
2025-12-18 01:14:33,294 - __main__ - INFO - Saved data to session: processing_status
2025-12-18 01:14:33,295 - __main__ - INFO - Chart generation completed successfully, time: 2.25s
2025-12-18 01:14:52,598 - __main__ - INFO - Saved data to session: processing_status
2025-12-18 01:14:52,599 - __main__ - INFO - Saved data to session: last_error
2025-12-18 01:14:58,419 - __main__ - INFO - Saved data to session: merged_data
2025-12-18 01:14:58,420 - __main__ - INFO - Saved data to session: processing_time
2025-12-18 01:15:00,777 - __main__ - INFO - Saved data to session: processing_status
2025-12-18 01:15:00,777 - __main__ - INFO - Data merging completed successfully, shape: (4196, 27), time: 5.82s
2025-12-18 01:15:02,764 - __main__ - INFO - Saved data to session: processing_status
2025-12-18 01:15:02,765 - __main__ - INFO - Saved data to session: last_error
2025-12-18 01:15:03,539 - __main__ - INFO - Saved data to session: processing_time
2025-12-18 01:15:06,001 - __main__ - INFO - Saved data to session: processing_status
2025-12-18 01:15:06,002 - __main__ - INFO - Chart generation completed successfully, time: 0.77s
2025-12-18 02:03:19,034 - __main__ - INFO - Saved data to session: processing_status
2025-12-18 02:03:19,035 - __main__ - INFO - Saved data to session: last_error
2025-12-18 02:03:25,465 - __main__ - INFO - Saved data to session: merged_data
2025-12-18 02:03:25,466 - __main__ - INFO - Saved data to session: processing_time
2025-12-18 02:03:28,223 - __main__ - INFO - Saved data to session: processing_status
2025-12-18 02:03:28,225 - __main__ - INFO - Data merging completed successfully, shape: (4196, 27), time: 6.43s
2025-12-18 02:04:59,206 - __main__ - INFO - Saved data to session: processing_status
2025-12-18 02:04:59,211 - __main__ - INFO - Saved data to session: last_error
2025-12-18 02:05:01,425 - __main__ - INFO - Saved data to session: processing_time
2025-12-18 02:05:03,993 - __main__ - INFO - Saved data to session: processing_status
2025-12-18 02:05:03,993 - __main__ - INFO - Chart generation completed successfully, time: 1.67s
2025-12-18 02:05:19,324 - __main__ - INFO - Saved data to session: processing_status
2025-12-18 02:05:19,335 - __main__ - INFO - Saved data to session: last_error
2025-12-18 02:05:20,049 - __main__ - INFO - Saved data to session: processing_time
2025-12-18 02:05:22,080 - __main__ - INFO - Saved data to session: processing_status
2025-12-18 02:05:22,082 - __main__ - INFO - Chart generation completed successfully, time: 0.71s
